# JRE version: Java(TM) SE Runtime Environment (8.0_45-b15) (build 1.8.0_45-b15)
# Java VM: Java HotSpot(TM) 64-Bit Server VM (25.45-b02 mixed mode windows-amd64 compressed oops)
Heap:
 PSYoungGen      total 243200K, used 58688K [0x00000000eab00000, 0x0000000100000000, 0x0000000100000000)
  eden space 175104K, 0% used [0x00000000eab00000,0x00000000eab00000,0x00000000f5600000)
  from space 68096K, 86% used [0x00000000fbd80000,0x00000000ff6d0390,0x0000000100000000)
  to   space 87040K, 0% used [0x00000000f5600000,0x00000000f5600000,0x00000000fab00000)
 ParOldGen       total 176128K, used 175792K [0x00000000c0000000, 0x00000000cac00000, 0x00000000eab00000)
  object space 176128K, 99% used [0x00000000c0000000,0x00000000cabac270,0x00000000cac00000)
 Metaspace       used 6552K, capacity 7320K, committed 7680K, reserved 1056768K
  class space    used 615K, capacity 656K, committed 768K, reserved 1048576K
GC Heap History (10 events):
Event: 10.020 GC heap after
Heap after GC invocations=11 (full 1):
 PSYoungGen      total 267264K, used 40695K [0x00000000eab00000, 0x0000000100000000, 0x0000000100000000)
  eden space 218112K, 0% used [0x00000000eab00000,0x00000000eab00000,0x00000000f8000000)
  from space 49152K, 82% used [0x00000000fd000000,0x00000000ff7bdf98,0x0000000100000000)
  to   space 65536K, 0% used [0x00000000f8000000,0x00000000f8000000,0x00000000fc000000)
 ParOldGen       total 167424K, used 86962K [0x00000000c0000000, 0x00000000ca380000, 0x00000000eab00000)
  object space 167424K, 51% used [0x00000000c0000000,0x00000000c54eca30,0x00000000ca380000)
 Metaspace       used 6524K, capacity 7320K, committed 7680K, reserved 1056768K
  class space    used 614K, capacity 656K, committed 768K, reserved 1048576K
}
Event: 11.236 GC heap before
{Heap before GC invocations=12 (full 1):
 PSYoungGen      total 267264K, used 258807K [0x00000000eab00000, 0x0000000100000000, 0x0000000100000000)
  eden space 218112K, 100% used [0x00000000eab00000,0x00000000f8000000,0x00000000f8000000)
  from space 49152K, 82% used [0x00000000fd000000,0x00000000ff7bdf98,0x0000000100000000)
  to   space 65536K, 0% used [0x00000000f8000000,0x00000000f8000000,0x00000000fc000000)
 ParOldGen       total 167424K, used 86962K [0x00000000c0000000, 0x00000000ca380000, 0x00000000eab00000)
  object space 167424K, 51% used [0x00000000c0000000,0x00000000c54eca30,0x00000000ca380000)
 Metaspace       used 6538K, capacity 7320K, committed 7680K, reserved 1056768K
  class space    used 614K, capacity 656K, committed 768K, reserved 1048576K
Event: 11.473 GC heap after
Heap after GC invocations=12 (full 1):
 PSYoungGen      total 283648K, used 30493K [0x00000000eab00000, 0x0000000100000000, 0x0000000100000000)
  eden space 218112K, 0% used [0x00000000eab00000,0x00000000eab00000,0x00000000f8000000)
  from space 65536K, 46% used [0x00000000f8000000,0x00000000f9dc7680,0x00000000fc000000)
  to   space 64000K, 0% used [0x00000000fc180000,0x00000000fc180000,0x0000000100000000)
 ParOldGen       total 167424K, used 127469K [0x00000000c0000000, 0x00000000ca380000, 0x00000000eab00000)
  object space 167424K, 76% used [0x00000000c0000000,0x00000000c7c7b6b8,0x00000000ca380000)
 Metaspace       used 6538K, capacity 7320K, committed 7680K, reserved 1056768K
  class space    used 614K, capacity 656K, committed 768K, reserved 1048576K
}
Event: 11.894 GC heap before
{Heap before GC invocations=13 (full 1):
 PSYoungGen      total 283648K, used 248605K [0x00000000eab00000, 0x0000000100000000, 0x0000000100000000)
  eden space 218112K, 100% used [0x00000000eab00000,0x00000000f8000000,0x00000000f8000000)
  from space 65536K, 46% used [0x00000000f8000000,0x00000000f9dc7680,0x00000000fc000000)
  to   space 64000K, 0% used [0x00000000fc180000,0x00000000fc180000,0x0000000100000000)
 ParOldGen       total 167424K, used 127469K [0x00000000c0000000, 0x00000000ca380000, 0x00000000eab00000)
  object space 167424K, 76% used [0x00000000c0000000,0x00000000c7c7b6b8,0x00000000ca380000)
 Metaspace       used 6542K, capacity 7320K, committed 7680K, reserved 1056768K
  class space    used 615K, capacity 656K, committed 768K, reserved 1048576K
Event: 11.989 GC heap after
Heap after GC invocations=13 (full 1):
 PSYoungGen      total 276992K, used 44758K [0x00000000eab00000, 0x0000000100000000, 0x0000000100000000)
  eden space 212992K, 0% used [0x00000000eab00000,0x00000000eab00000,0x00000000f7b00000)
  from space 64000K, 69% used [0x00000000fc180000,0x00000000fed35a08,0x0000000100000000)
  to   space 68096K, 0% used [0x00000000f7b00000,0x00000000f7b00000,0x00000000fbd80000)
 ParOldGen       total 167424K, used 127477K [0x00000000c0000000, 0x00000000ca380000, 0x00000000eab00000)
  object space 167424K, 76% used [0x00000000c0000000,0x00000000c7c7d6b8,0x00000000ca380000)
 Metaspace       used 6542K, capacity 7320K, committed 7680K, reserved 1056768K
  class space    used 615K, capacity 656K, committed 768K, reserved 1048576K
}
Event: 13.182 GC heap before
{Heap before GC invocations=14 (full 1):
 PSYoungGen      total 276992K, used 257750K [0x00000000eab00000, 0x0000000100000000, 0x0000000100000000)
  eden space 212992K, 100% used [0x00000000eab00000,0x00000000f7b00000,0x00000000f7b00000)
  from space 64000K, 69% used [0x00000000fc180000,0x00000000fed35a08,0x0000000100000000)
  to   space 68096K, 0% used [0x00000000f7b00000,0x00000000f7b00000,0x00000000fbd80000)
 ParOldGen       total 167424K, used 127477K [0x00000000c0000000, 0x00000000ca380000, 0x00000000eab00000)
  object space 167424K, 76% used [0x00000000c0000000,0x00000000c7c7d6b8,0x00000000ca380000)
 Metaspace       used 6544K, capacity 7320K, committed 7680K, reserved 1056768K
  class space    used 615K, capacity 656K, committed 768K, reserved 1048576K
Event: 13.360 GC heap after
Heap after GC invocations=14 (full 1):
 PSYoungGen      total 281088K, used 68089K [0x00000000eab00000, 0x0000000100000000, 0x0000000100000000)
  eden space 212992K, 0% used [0x00000000eab00000,0x00000000eab00000,0x00000000f7b00000)
  from space 68096K, 99% used [0x00000000f7b00000,0x00000000fbd7e638,0x00000000fbd80000)
  to   space 68096K, 0% used [0x00000000fbd80000,0x00000000fbd80000,0x0000000100000000)
 ParOldGen       total 167424K, used 133766K [0x00000000c0000000, 0x00000000ca380000, 0x00000000eab00000)
  object space 167424K, 79% used [0x00000000c0000000,0x00000000c82a1b00,0x00000000ca380000)
 Metaspace       used 6544K, capacity 7320K, committed 7680K, reserved 1056768K
  class space    used 615K, capacity 656K, committed 768K, reserved 1048576K
}
Event: 14.647 GC heap before
{Heap before GC invocations=15 (full 1):
 PSYoungGen      total 281088K, used 281081K [0x00000000eab00000, 0x0000000100000000, 0x0000000100000000)
  eden space 212992K, 100% used [0x00000000eab00000,0x00000000f7b00000,0x00000000f7b00000)
  from space 68096K, 99% used [0x00000000f7b00000,0x00000000fbd7e638,0x00000000fbd80000)
  to   space 68096K, 0% used [0x00000000fbd80000,0x00000000fbd80000,0x0000000100000000)
 ParOldGen       total 167424K, used 133766K [0x00000000c0000000, 0x00000000ca380000, 0x00000000eab00000)
  object space 167424K, 79% used [0x00000000c0000000,0x00000000c82a1b00,0x00000000ca380000)
 Metaspace       used 6552K, capacity 7320K, committed 7680K, reserved 1056768K
  class space    used 615K, capacity 656K, committed 768K, reserved 1048576K
Event: 14.872 GC heap after
Heap after GC invocations=15 (full 1):
 PSYoungGen      total 243200K, used 58688K [0x00000000eab00000, 0x0000000100000000, 0x0000000100000000)
  eden space 175104K, 0% used [0x00000000eab00000,0x00000000eab00000,0x00000000f5600000)
  from space 68096K, 86% used [0x00000000fbd80000,0x00000000ff6d0390,0x0000000100000000)
  to   space 87040K, 0% used [0x00000000f5600000,0x00000000f5600000,0x00000000fab00000)
 ParOldGen       total 176128K, used 175792K [0x00000000c0000000, 0x00000000cac00000, 0x00000000eab00000)
  object space 176128K, 99% used [0x00000000c0000000,0x00000000cabac270,0x00000000cac00000)
 Metaspace       used 6552K, capacity 7320K, committed 7680K, reserved 1056768K
  class space    used 615K, capacity 656K, committed 768K, reserved 1048576K
}
Event: 14.872 GC heap before
{Heap before GC invocations=16 (full 2):
 PSYoungGen      total 243200K, used 58688K [0x00000000eab00000, 0x0000000100000000, 0x0000000100000000)
  eden space 175104K, 0% used [0x00000000eab00000,0x00000000eab00000,0x00000000f5600000)
  from space 68096K, 86% used [0x00000000fbd80000,0x00000000ff6d0390,0x0000000100000000)
  to   space 87040K, 0% used [0x00000000f5600000,0x00000000f5600000,0x00000000fab00000)
 ParOldGen       total 176128K, used 175792K [0x00000000c0000000, 0x00000000cac00000, 0x00000000eab00000)
  object space 176128K, 99% used [0x00000000c0000000,0x00000000cabac270,0x00000000cac00000)
 Metaspace       used 6552K, capacity 7320K, committed 7680K, reserved 1056768K
  class space    used 615K, capacity 656K, committed 768K, reserved 1048576K

