# JRE version: Java(TM) SE Runtime Environment (8.0_45-b15) (build 1.8.0_45-b15)
# Java VM: Java HotSpot(TM) 64-Bit Server VM (25.45-b02 mixed mode windows-amd64 compressed oops)
Heap:
 PSYoungGen      total 232960K, used 19104K [0x00000000eab00000, 0x0000000100000000, 0x0000000100000000)
  eden space 116736K, 0% used [0x00000000eab00000,0x00000000eab00000,0x00000000f1d00000)
  from space 116224K, 16% used [0x00000000f8e80000,0x00000000fa128000,0x0000000100000000)
  to   space 116224K, 0% used [0x00000000f1d00000,0x00000000f1d00000,0x00000000f8e80000)
 ParOldGen       total 679424K, used 643851K [0x00000000c0000000, 0x00000000e9780000, 0x00000000eab00000)
  object space 679424K, 94% used [0x00000000c0000000,0x00000000e74c2e68,0x00000000e9780000)
 Metaspace       used 6586K, capacity 7320K, committed 7680K, reserved 1056768K
  class space    used 617K, capacity 656K, committed 768K, reserved 1048576K
GC Heap History (10 events):
Event: 31.884 GC heap after
Heap after GC invocations=44 (full 4):
 PSYoungGen      total 232960K, used 78759K [0x00000000eab00000, 0x0000000100000000, 0x0000000100000000)
  eden space 116736K, 0% used [0x00000000eab00000,0x00000000eab00000,0x00000000f1d00000)
  from space 116224K, 67% used [0x00000000f8e80000,0x00000000fdb69d38,0x0000000100000000)
  to   space 116224K, 0% used [0x00000000f1d00000,0x00000000f1d00000,0x00000000f8e80000)
 ParOldGen       total 679424K, used 563079K [0x00000000c0000000, 0x00000000e9780000, 0x00000000eab00000)
  object space 679424K, 82% used [0x00000000c0000000,0x00000000e25e1fc8,0x00000000e9780000)
 Metaspace       used 6582K, capacity 7320K, committed 7680K, reserved 1056768K
  class space    used 616K, capacity 656K, committed 768K, reserved 1048576K
}
Event: 32.213 GC heap before
{Heap before GC invocations=45 (full 4):
 PSYoungGen      total 232960K, used 195495K [0x00000000eab00000, 0x0000000100000000, 0x0000000100000000)
  eden space 116736K, 100% used [0x00000000eab00000,0x00000000f1d00000,0x00000000f1d00000)
  from space 116224K, 67% used [0x00000000f8e80000,0x00000000fdb69d38,0x0000000100000000)
  to   space 116224K, 0% used [0x00000000f1d00000,0x00000000f1d00000,0x00000000f8e80000)
 ParOldGen       total 679424K, used 563079K [0x00000000c0000000, 0x00000000e9780000, 0x00000000eab00000)
  object space 679424K, 82% used [0x00000000c0000000,0x00000000e25e1fc8,0x00000000e9780000)
 Metaspace       used 6582K, capacity 7320K, committed 7680K, reserved 1056768K
  class space    used 616K, capacity 656K, committed 768K, reserved 1048576K
Event: 32.283 GC heap after
Heap after GC invocations=45 (full 4):
 PSYoungGen      total 232960K, used 71129K [0x00000000eab00000, 0x0000000100000000, 0x0000000100000000)
  eden space 116736K, 0% used [0x00000000eab00000,0x00000000eab00000,0x00000000f1d00000)
  from space 116224K, 61% used [0x00000000f1d00000,0x00000000f62767f8,0x00000000f8e80000)
  to   space 116224K, 0% used [0x00000000f8e80000,0x00000000f8e80000,0x0000000100000000)
 ParOldGen       total 679424K, used 577712K [0x00000000c0000000, 0x00000000e9780000, 0x00000000eab00000)
  object space 679424K, 85% used [0x00000000c0000000,0x00000000e342c3d0,0x00000000e9780000)
 Metaspace       used 6582K, capacity 7320K, committed 7680K, reserved 1056768K
  class space    used 616K, capacity 656K, committed 768K, reserved 1048576K
}
Event: 32.613 GC heap before
{Heap before GC invocations=46 (full 4):
 PSYoungGen      total 232960K, used 187865K [0x00000000eab00000, 0x0000000100000000, 0x0000000100000000)
  eden space 116736K, 100% used [0x00000000eab00000,0x00000000f1d00000,0x00000000f1d00000)
  from space 116224K, 61% used [0x00000000f1d00000,0x00000000f62767f8,0x00000000f8e80000)
  to   space 116224K, 0% used [0x00000000f8e80000,0x00000000f8e80000,0x0000000100000000)
 ParOldGen       total 679424K, used 577712K [0x00000000c0000000, 0x00000000e9780000, 0x00000000eab00000)
  object space 679424K, 85% used [0x00000000c0000000,0x00000000e342c3d0,0x00000000e9780000)
 Metaspace       used 6583K, capacity 7320K, committed 7680K, reserved 1056768K
  class space    used 616K, capacity 656K, committed 768K, reserved 1048576K
Event: 32.707 GC heap after
Heap after GC invocations=46 (full 4):
 PSYoungGen      total 232960K, used 33463K [0x00000000eab00000, 0x0000000100000000, 0x0000000100000000)
  eden space 116736K, 0% used [0x00000000eab00000,0x00000000eab00000,0x00000000f1d00000)
  from space 116224K, 28% used [0x00000000f8e80000,0x00000000faf2dc30,0x0000000100000000)
  to   space 116224K, 0% used [0x00000000f1d00000,0x00000000f1d00000,0x00000000f8e80000)
 ParOldGen       total 679424K, used 592338K [0x00000000c0000000, 0x00000000e9780000, 0x00000000eab00000)
  object space 679424K, 87% used [0x00000000c0000000,0x00000000e4274bd0,0x00000000e9780000)
 Metaspace       used 6583K, capacity 7320K, committed 7680K, reserved 1056768K
  class space    used 616K, capacity 656K, committed 768K, reserved 1048576K
}
Event: 33.050 GC heap before
{Heap before GC invocations=47 (full 4):
 PSYoungGen      total 232960K, used 150199K [0x00000000eab00000, 0x0000000100000000, 0x0000000100000000)
  eden space 116736K, 100% used [0x00000000eab00000,0x00000000f1d00000,0x00000000f1d00000)
  from space 116224K, 28% used [0x00000000f8e80000,0x00000000faf2dc30,0x0000000100000000)
  to   space 116224K, 0% used [0x00000000f1d00000,0x00000000f1d00000,0x00000000f8e80000)
 ParOldGen       total 679424K, used 592338K [0x00000000c0000000, 0x00000000e9780000, 0x00000000eab00000)
  object space 679424K, 87% used [0x00000000c0000000,0x00000000e4274bd0,0x00000000e9780000)
 Metaspace       used 6584K, capacity 7320K, committed 7680K, reserved 1056768K
  class space    used 617K, capacity 656K, committed 768K, reserved 1048576K
Event: 33.131 GC heap after
Heap after GC invocations=47 (full 4):
 PSYoungGen      total 232960K, used 41273K [0x00000000eab00000, 0x0000000100000000, 0x0000000100000000)
  eden space 116736K, 0% used [0x00000000eab00000,0x00000000eab00000,0x00000000f1d00000)
  from space 116224K, 35% used [0x00000000f1d00000,0x00000000f454e700,0x00000000f8e80000)
  to   space 116224K, 0% used [0x00000000f8e80000,0x00000000f8e80000,0x0000000100000000)
 ParOldGen       total 679424K, used 603372K [0x00000000c0000000, 0x00000000e9780000, 0x00000000eab00000)
  object space 679424K, 88% used [0x00000000c0000000,0x00000000e4d3b2a8,0x00000000e9780000)
 Metaspace       used 6584K, capacity 7320K, committed 7680K, reserved 1056768K
  class space    used 617K, capacity 656K, committed 768K, reserved 1048576K
}
Event: 33.478 GC heap before
{Heap before GC invocations=48 (full 4):
 PSYoungGen      total 232960K, used 158009K [0x00000000eab00000, 0x0000000100000000, 0x0000000100000000)
  eden space 116736K, 100% used [0x00000000eab00000,0x00000000f1d00000,0x00000000f1d00000)
  from space 116224K, 35% used [0x00000000f1d00000,0x00000000f454e700,0x00000000f8e80000)
  to   space 116224K, 0% used [0x00000000f8e80000,0x00000000f8e80000,0x0000000100000000)
 ParOldGen       total 679424K, used 603372K [0x00000000c0000000, 0x00000000e9780000, 0x00000000eab00000)
  object space 679424K, 88% used [0x00000000c0000000,0x00000000e4d3b2a8,0x00000000e9780000)
 Metaspace       used 6586K, capacity 7320K, committed 7680K, reserved 1056768K
  class space    used 617K, capacity 656K, committed 768K, reserved 1048576K
Event: 33.567 GC heap after
Heap after GC invocations=48 (full 4):
 PSYoungGen      total 232960K, used 19104K [0x00000000eab00000, 0x0000000100000000, 0x0000000100000000)
  eden space 116736K, 0% used [0x00000000eab00000,0x00000000eab00000,0x00000000f1d00000)
  from space 116224K, 16% used [0x00000000f8e80000,0x00000000fa128000,0x0000000100000000)
  to   space 116224K, 0% used [0x00000000f1d00000,0x00000000f1d00000,0x00000000f8e80000)
 ParOldGen       total 679424K, used 643851K [0x00000000c0000000, 0x00000000e9780000, 0x00000000eab00000)
  object space 679424K, 94% used [0x00000000c0000000,0x00000000e74c2e68,0x00000000e9780000)
 Metaspace       used 6586K, capacity 7320K, committed 7680K, reserved 1056768K
  class space    used 617K, capacity 656K, committed 768K, reserved 1048576K
}
Event: 33.567 GC heap before
{Heap before GC invocations=49 (full 5):
 PSYoungGen      total 232960K, used 19104K [0x00000000eab00000, 0x0000000100000000, 0x0000000100000000)
  eden space 116736K, 0% used [0x00000000eab00000,0x00000000eab00000,0x00000000f1d00000)
  from space 116224K, 16% used [0x00000000f8e80000,0x00000000fa128000,0x0000000100000000)
  to   space 116224K, 0% used [0x00000000f1d00000,0x00000000f1d00000,0x00000000f8e80000)
 ParOldGen       total 679424K, used 643851K [0x00000000c0000000, 0x00000000e9780000, 0x00000000eab00000)
  object space 679424K, 94% used [0x00000000c0000000,0x00000000e74c2e68,0x00000000e9780000)
 Metaspace       used 6586K, capacity 7320K, committed 7680K, reserved 1056768K
  class space    used 617K, capacity 656K, committed 768K, reserved 1048576K

