# JRE version: Java(TM) SE Runtime Environment (8.0_45-b15) (build 1.8.0_45-b15)
# Java VM: Java HotSpot(TM) 64-Bit Server VM (25.45-b02 mixed mode windows-amd64 compressed oops)
Heap:
 PSYoungGen      total 230912K, used 158166K [0x00000000eab00000, 0x00000000ffd80000, 0x0000000100000000)
  eden space 117248K, 100% used [0x00000000eab00000,0x00000000f1d80000,0x00000000f1d80000)
  from space 113664K, 35% used [0x00000000f8e80000,0x00000000fb675b28,0x00000000ffd80000)
  to   space 114688K, 0% used [0x00000000f1d80000,0x00000000f1d80000,0x00000000f8d80000)
 ParOldGen       total 699392K, used 655119K [0x00000000c0000000, 0x00000000eab00000, 0x00000000eab00000)
  object space 699392K, 93% used [0x00000000c0000000,0x00000000e7fc3c70,0x00000000eab00000)
 Metaspace       used 6565K, capacity 7320K, committed 7680K, reserved 1056768K
  class space    used 617K, capacity 656K, committed 768K, reserved 1048576K
GC Heap History (10 events):
Event: 30.018 GC heap after
Heap after GC invocations=37 (full 4):
 PSYoungGen      total 232960K, used 28242K [0x00000000eab00000, 0x0000000100000000, 0x0000000100000000)
  eden space 116736K, 0% used [0x00000000eab00000,0x00000000eab00000,0x00000000f1d00000)
  from space 116224K, 24% used [0x00000000f1d00000,0x00000000f38948e8,0x00000000f8e80000)
  to   space 116224K, 0% used [0x00000000f8e80000,0x00000000f8e80000,0x0000000100000000)
 ParOldGen       total 649728K, used 565432K [0x00000000c0000000, 0x00000000e7a80000, 0x00000000eab00000)
  object space 649728K, 87% used [0x00000000c0000000,0x00000000e282e380,0x00000000e7a80000)
 Metaspace       used 6565K, capacity 7320K, committed 7680K, reserved 1056768K
  class space    used 617K, capacity 656K, committed 768K, reserved 1048576K
}
Event: 30.492 GC heap before
{Heap before GC invocations=38 (full 4):
 PSYoungGen      total 232960K, used 144978K [0x00000000eab00000, 0x0000000100000000, 0x0000000100000000)
  eden space 116736K, 100% used [0x00000000eab00000,0x00000000f1d00000,0x00000000f1d00000)
  from space 116224K, 24% used [0x00000000f1d00000,0x00000000f38948e8,0x00000000f8e80000)
  to   space 116224K, 0% used [0x00000000f8e80000,0x00000000f8e80000,0x0000000100000000)
 ParOldGen       total 649728K, used 565432K [0x00000000c0000000, 0x00000000e7a80000, 0x00000000eab00000)
  object space 649728K, 87% used [0x00000000c0000000,0x00000000e282e380,0x00000000e7a80000)
 Metaspace       used 6565K, capacity 7320K, committed 7680K, reserved 1056768K
  class space    used 617K, capacity 656K, committed 768K, reserved 1048576K
Event: 30.525 GC heap after
Heap after GC invocations=38 (full 4):
 PSYoungGen      total 231936K, used 19378K [0x00000000eab00000, 0x00000000fff00000, 0x0000000100000000)
  eden space 116736K, 0% used [0x00000000eab00000,0x00000000eab00000,0x00000000f1d00000)
  from space 115200K, 16% used [0x00000000f8e80000,0x00000000fa16c968,0x00000000fff00000)
  to   space 115712K, 0% used [0x00000000f1d00000,0x00000000f1d00000,0x00000000f8e00000)
 ParOldGen       total 649728K, used 572728K [0x00000000c0000000, 0x00000000e7a80000, 0x00000000eab00000)
  object space 649728K, 88% used [0x00000000c0000000,0x00000000e2f4e100,0x00000000e7a80000)
 Metaspace       used 6565K, capacity 7320K, committed 7680K, reserved 1056768K
  class space    used 617K, capacity 656K, committed 768K, reserved 1048576K
}
Event: 30.824 GC heap before
{Heap before GC invocations=39 (full 4):
 PSYoungGen      total 231936K, used 136114K [0x00000000eab00000, 0x00000000fff00000, 0x0000000100000000)
  eden space 116736K, 100% used [0x00000000eab00000,0x00000000f1d00000,0x00000000f1d00000)
  from space 115200K, 16% used [0x00000000f8e80000,0x00000000fa16c968,0x00000000fff00000)
  to   space 115712K, 0% used [0x00000000f1d00000,0x00000000f1d00000,0x00000000f8e00000)
 ParOldGen       total 649728K, used 572728K [0x00000000c0000000, 0x00000000e7a80000, 0x00000000eab00000)
  object space 649728K, 88% used [0x00000000c0000000,0x00000000e2f4e100,0x00000000e7a80000)
 Metaspace       used 6565K, capacity 7320K, committed 7680K, reserved 1056768K
  class space    used 617K, capacity 656K, committed 768K, reserved 1048576K
Event: 30.874 GC heap after
Heap after GC invocations=39 (full 4):
 PSYoungGen      total 232448K, used 81116K [0x00000000eab00000, 0x0000000100000000, 0x0000000100000000)
  eden space 116736K, 0% used [0x00000000eab00000,0x00000000eab00000,0x00000000f1d00000)
  from space 115712K, 70% used [0x00000000f1d00000,0x00000000f6c37048,0x00000000f8e00000)
  to   space 116224K, 0% used [0x00000000f8e80000,0x00000000f8e80000,0x0000000100000000)
 ParOldGen       total 649728K, used 572728K [0x00000000c0000000, 0x00000000e7a80000, 0x00000000eab00000)
  object space 649728K, 88% used [0x00000000c0000000,0x00000000e2f4e100,0x00000000e7a80000)
 Metaspace       used 6565K, capacity 7320K, committed 7680K, reserved 1056768K
  class space    used 617K, capacity 656K, committed 768K, reserved 1048576K
}
Event: 30.970 GC heap before
{Heap before GC invocations=40 (full 4):
 PSYoungGen      total 232448K, used 197852K [0x00000000eab00000, 0x0000000100000000, 0x0000000100000000)
  eden space 116736K, 100% used [0x00000000eab00000,0x00000000f1d00000,0x00000000f1d00000)
  from space 115712K, 70% used [0x00000000f1d00000,0x00000000f6c37048,0x00000000f8e00000)
  to   space 116224K, 0% used [0x00000000f8e80000,0x00000000f8e80000,0x0000000100000000)
 ParOldGen       total 649728K, used 572728K [0x00000000c0000000, 0x00000000e7a80000, 0x00000000eab00000)
  object space 649728K, 88% used [0x00000000c0000000,0x00000000e2f4e100,0x00000000e7a80000)
 Metaspace       used 6565K, capacity 7320K, committed 7680K, reserved 1056768K
  class space    used 617K, capacity 656K, committed 768K, reserved 1048576K
Event: 31.048 GC heap after
Heap after GC invocations=40 (full 4):
 PSYoungGen      total 230912K, used 49490K [0x00000000eab00000, 0x00000000ffd80000, 0x0000000100000000)
  eden space 117248K, 0% used [0x00000000eab00000,0x00000000eab00000,0x00000000f1d80000)
  from space 113664K, 43% used [0x00000000f8e80000,0x00000000fbed4b30,0x00000000ffd80000)
  to   space 114688K, 0% used [0x00000000f1d80000,0x00000000f1d80000,0x00000000f8d80000)
 ParOldGen       total 655360K, used 655059K [0x00000000c0000000, 0x00000000e8000000, 0x00000000eab00000)
  object space 655360K, 99% used [0x00000000c0000000,0x00000000e7fb4fe8,0x00000000e8000000)
 Metaspace       used 6565K, capacity 7320K, committed 7680K, reserved 1056768K
  class space    used 617K, capacity 656K, committed 768K, reserved 1048576K
}
Event: 31.048 GC heap before
{Heap before GC invocations=41 (full 5):
 PSYoungGen      total 230912K, used 49490K [0x00000000eab00000, 0x00000000ffd80000, 0x0000000100000000)
  eden space 117248K, 0% used [0x00000000eab00000,0x00000000eab00000,0x00000000f1d80000)
  from space 113664K, 43% used [0x00000000f8e80000,0x00000000fbed4b30,0x00000000ffd80000)
  to   space 114688K, 0% used [0x00000000f1d80000,0x00000000f1d80000,0x00000000f8d80000)
 ParOldGen       total 655360K, used 655059K [0x00000000c0000000, 0x00000000e8000000, 0x00000000eab00000)
  object space 655360K, 99% used [0x00000000c0000000,0x00000000e7fb4fe8,0x00000000e8000000)
 Metaspace       used 6565K, capacity 7320K, committed 7680K, reserved 1056768K
  class space    used 617K, capacity 656K, committed 768K, reserved 1048576K
Event: 33.656 GC heap after
Heap after GC invocations=41 (full 5):
 PSYoungGen      total 230912K, used 40918K [0x00000000eab00000, 0x00000000ffd80000, 0x0000000100000000)
  eden space 117248K, 0% used [0x00000000eab00000,0x00000000eab00000,0x00000000f1d80000)
  from space 113664K, 35% used [0x00000000f8e80000,0x00000000fb675b28,0x00000000ffd80000)
  to   space 114688K, 0% used [0x00000000f1d80000,0x00000000f1d80000,0x00000000f8d80000)
 ParOldGen       total 699392K, used 655119K [0x00000000c0000000, 0x00000000eab00000, 0x00000000eab00000)
  object space 699392K, 93% used [0x00000000c0000000,0x00000000e7fc3c70,0x00000000eab00000)
 Metaspace       used 6565K, capacity 7320K, committed 7680K, reserved 1056768K
  class space    used 617K, capacity 656K, committed 768K, reserved 1048576K
}
Event: 33.757 GC heap before
{Heap before GC invocations=42 (full 6):
 PSYoungGen      total 230912K, used 158166K [0x00000000eab00000, 0x00000000ffd80000, 0x0000000100000000)
  eden space 117248K, 100% used [0x00000000eab00000,0x00000000f1d80000,0x00000000f1d80000)
  from space 113664K, 35% used [0x00000000f8e80000,0x00000000fb675b28,0x00000000ffd80000)
  to   space 114688K, 0% used [0x00000000f1d80000,0x00000000f1d80000,0x00000000f8d80000)
 ParOldGen       total 699392K, used 655119K [0x00000000c0000000, 0x00000000eab00000, 0x00000000eab00000)
  object space 699392K, 93% used [0x00000000c0000000,0x00000000e7fc3c70,0x00000000eab00000)
 Metaspace       used 6565K, capacity 7320K, committed 7680K, reserved 1056768K
  class space    used 617K, capacity 656K, committed 768K, reserved 1048576K

