# JRE version: Java(TM) SE Runtime Environment (8.0_45-b15) (build 1.8.0_45-b15)
# Java VM: Java HotSpot(TM) 64-Bit Server VM (25.45-b02 mixed mode windows-amd64 compressed oops)
Heap:
 PSYoungGen      total 232960K, used 153822K [0x00000000eab00000, 0x0000000100000000, 0x0000000100000000)
  eden space 116736K, 100% used [0x00000000eab00000,0x00000000f1d00000,0x00000000f1d00000)
  from space 116224K, 31% used [0x00000000f1d00000,0x00000000f4137bb8,0x00000000f8e80000)
  to   space 115200K, 0% used [0x00000000f8f80000,0x00000000f8f80000,0x0000000100000000)
 ParOldGen       total 699392K, used 677258K [0x00000000c0000000, 0x00000000eab00000, 0x00000000eab00000)
  object space 699392K, 96% used [0x00000000c0000000,0x00000000e95628c8,0x00000000eab00000)
 Metaspace       used 6587K, capacity 7320K, committed 7680K, reserved 1056768K
  class space    used 618K, capacity 656K, committed 768K, reserved 1048576K
GC Heap History (10 events):
Event: 32.771 GC heap after
Heap after GC invocations=48 (full 4):
 PSYoungGen      total 223744K, used 58750K [0x00000000eab00000, 0x00000000ff700000, 0x0000000100000000)
  eden space 116736K, 0% used [0x00000000eab00000,0x00000000eab00000,0x00000000f1d00000)
  from space 107008K, 54% used [0x00000000f8e80000,0x00000000fc7df8c8,0x00000000ff700000)
  to   space 111616K, 0% used [0x00000000f1d00000,0x00000000f1d00000,0x00000000f8a00000)
 ParOldGen       total 677376K, used 605898K [0x00000000c0000000, 0x00000000e9580000, 0x00000000eab00000)
  object space 677376K, 89% used [0x00000000c0000000,0x00000000e4fb28d0,0x00000000e9580000)
 Metaspace       used 6586K, capacity 7320K, committed 7680K, reserved 1056768K
  class space    used 618K, capacity 656K, committed 768K, reserved 1048576K
}
Event: 33.112 GC heap before
{Heap before GC invocations=49 (full 4):
 PSYoungGen      total 223744K, used 175486K [0x00000000eab00000, 0x00000000ff700000, 0x0000000100000000)
  eden space 116736K, 100% used [0x00000000eab00000,0x00000000f1d00000,0x00000000f1d00000)
  from space 107008K, 54% used [0x00000000f8e80000,0x00000000fc7df8c8,0x00000000ff700000)
  to   space 111616K, 0% used [0x00000000f1d00000,0x00000000f1d00000,0x00000000f8a00000)
 ParOldGen       total 677376K, used 605898K [0x00000000c0000000, 0x00000000e9580000, 0x00000000eab00000)
  object space 677376K, 89% used [0x00000000c0000000,0x00000000e4fb28d0,0x00000000e9580000)
 Metaspace       used 6586K, capacity 7320K, committed 7680K, reserved 1056768K
  class space    used 618K, capacity 656K, committed 768K, reserved 1048576K
Event: 33.260 GC heap after
Heap after GC invocations=49 (full 4):
 PSYoungGen      total 228352K, used 76656K [0x00000000eab00000, 0x0000000100000000, 0x0000000100000000)
  eden space 116736K, 0% used [0x00000000eab00000,0x00000000eab00000,0x00000000f1d00000)
  from space 111616K, 68% used [0x00000000f1d00000,0x00000000f67dc270,0x00000000f8a00000)
  to   space 112128K, 0% used [0x00000000f9280000,0x00000000f9280000,0x0000000100000000)
 ParOldGen       total 677376K, used 605898K [0x00000000c0000000, 0x00000000e9580000, 0x00000000eab00000)
  object space 677376K, 89% used [0x00000000c0000000,0x00000000e4fb28d0,0x00000000e9580000)
 Metaspace       used 6586K, capacity 7320K, committed 7680K, reserved 1056768K
  class space    used 618K, capacity 656K, committed 768K, reserved 1048576K
}
Event: 33.597 GC heap before
{Heap before GC invocations=50 (full 4):
 PSYoungGen      total 228352K, used 193392K [0x00000000eab00000, 0x0000000100000000, 0x0000000100000000)
  eden space 116736K, 100% used [0x00000000eab00000,0x00000000f1d00000,0x00000000f1d00000)
  from space 111616K, 68% used [0x00000000f1d00000,0x00000000f67dc270,0x00000000f8a00000)
  to   space 112128K, 0% used [0x00000000f9280000,0x00000000f9280000,0x0000000100000000)
 ParOldGen       total 677376K, used 605898K [0x00000000c0000000, 0x00000000e9580000, 0x00000000eab00000)
  object space 677376K, 89% used [0x00000000c0000000,0x00000000e4fb28d0,0x00000000e9580000)
 Metaspace       used 6586K, capacity 7320K, committed 7680K, reserved 1056768K
  class space    used 618K, capacity 656K, committed 768K, reserved 1048576K
Event: 33.716 GC heap after
Heap after GC invocations=50 (full 4):
 PSYoungGen      total 228864K, used 94013K [0x00000000eab00000, 0x0000000100000000, 0x0000000100000000)
  eden space 116736K, 0% used [0x00000000eab00000,0x00000000eab00000,0x00000000f1d00000)
  from space 112128K, 83% used [0x00000000f9280000,0x00000000fee4f410,0x0000000100000000)
  to   space 116224K, 0% used [0x00000000f1d00000,0x00000000f1d00000,0x00000000f8e80000)
 ParOldGen       total 677376K, used 605898K [0x00000000c0000000, 0x00000000e9580000, 0x00000000eab00000)
  object space 677376K, 89% used [0x00000000c0000000,0x00000000e4fb28d0,0x00000000e9580000)
 Metaspace       used 6586K, capacity 7320K, committed 7680K, reserved 1056768K
  class space    used 618K, capacity 656K, committed 768K, reserved 1048576K
}
Event: 34.028 GC heap before
{Heap before GC invocations=51 (full 4):
 PSYoungGen      total 228864K, used 210749K [0x00000000eab00000, 0x0000000100000000, 0x0000000100000000)
  eden space 116736K, 100% used [0x00000000eab00000,0x00000000f1d00000,0x00000000f1d00000)
  from space 112128K, 83% used [0x00000000f9280000,0x00000000fee4f410,0x0000000100000000)
  to   space 116224K, 0% used [0x00000000f1d00000,0x00000000f1d00000,0x00000000f8e80000)
 ParOldGen       total 677376K, used 605898K [0x00000000c0000000, 0x00000000e9580000, 0x00000000eab00000)
  object space 677376K, 89% used [0x00000000c0000000,0x00000000e4fb28d0,0x00000000e9580000)
 Metaspace       used 6586K, capacity 7320K, committed 7680K, reserved 1056768K
  class space    used 618K, capacity 656K, committed 768K, reserved 1048576K
Event: 34.302 GC heap after
Heap after GC invocations=51 (full 4):
 PSYoungGen      total 232960K, used 70584K [0x00000000eab00000, 0x0000000100000000, 0x0000000100000000)
  eden space 116736K, 0% used [0x00000000eab00000,0x00000000eab00000,0x00000000f1d00000)
  from space 116224K, 60% used [0x00000000f1d00000,0x00000000f61ee320,0x00000000f8e80000)
  to   space 115200K, 0% used [0x00000000f8f80000,0x00000000f8f80000,0x0000000100000000)
 ParOldGen       total 677376K, used 645899K [0x00000000c0000000, 0x00000000e9580000, 0x00000000eab00000)
  object space 677376K, 95% used [0x00000000c0000000,0x00000000e76c2e88,0x00000000e9580000)
 Metaspace       used 6586K, capacity 7320K, committed 7680K, reserved 1056768K
  class space    used 618K, capacity 656K, committed 768K, reserved 1048576K
}
Event: 34.302 GC heap before
{Heap before GC invocations=52 (full 5):
 PSYoungGen      total 232960K, used 70584K [0x00000000eab00000, 0x0000000100000000, 0x0000000100000000)
  eden space 116736K, 0% used [0x00000000eab00000,0x00000000eab00000,0x00000000f1d00000)
  from space 116224K, 60% used [0x00000000f1d00000,0x00000000f61ee320,0x00000000f8e80000)
  to   space 115200K, 0% used [0x00000000f8f80000,0x00000000f8f80000,0x0000000100000000)
 ParOldGen       total 677376K, used 645899K [0x00000000c0000000, 0x00000000e9580000, 0x00000000eab00000)
  object space 677376K, 95% used [0x00000000c0000000,0x00000000e76c2e88,0x00000000e9580000)
 Metaspace       used 6586K, capacity 7320K, committed 7680K, reserved 1056768K
  class space    used 618K, capacity 656K, committed 768K, reserved 1048576K
Event: 39.272 GC heap after
Heap after GC invocations=52 (full 5):
 PSYoungGen      total 232960K, used 37086K [0x00000000eab00000, 0x0000000100000000, 0x0000000100000000)
  eden space 116736K, 0% used [0x00000000eab00000,0x00000000eab00000,0x00000000f1d00000)
  from space 116224K, 31% used [0x00000000f1d00000,0x00000000f4137bb8,0x00000000f8e80000)
  to   space 115200K, 0% used [0x00000000f8f80000,0x00000000f8f80000,0x0000000100000000)
 ParOldGen       total 699392K, used 677258K [0x00000000c0000000, 0x00000000eab00000, 0x00000000eab00000)
  object space 699392K, 96% used [0x00000000c0000000,0x00000000e95628c8,0x00000000eab00000)
 Metaspace       used 6586K, capacity 7320K, committed 7680K, reserved 1056768K
  class space    used 618K, capacity 656K, committed 768K, reserved 1048576K
}
Event: 39.607 GC heap before
{Heap before GC invocations=53 (full 6):
 PSYoungGen      total 232960K, used 153822K [0x00000000eab00000, 0x0000000100000000, 0x0000000100000000)
  eden space 116736K, 100% used [0x00000000eab00000,0x00000000f1d00000,0x00000000f1d00000)
  from space 116224K, 31% used [0x00000000f1d00000,0x00000000f4137bb8,0x00000000f8e80000)
  to   space 115200K, 0% used [0x00000000f8f80000,0x00000000f8f80000,0x0000000100000000)
 ParOldGen       total 699392K, used 677258K [0x00000000c0000000, 0x00000000eab00000, 0x00000000eab00000)
  object space 699392K, 96% used [0x00000000c0000000,0x00000000e95628c8,0x00000000eab00000)
 Metaspace       used 6587K, capacity 7320K, committed 7680K, reserved 1056768K
  class space    used 618K, capacity 656K, committed 768K, reserved 1048576K

